2023-05-11 03:59:00.330 [main] INFO  h.hellospring.HelloSpringApplication - Starting HelloSpringApplication using Java 17.0.6 with PID 86802 (/Users/root/Documents/study/hello-spring/out/production/classes started by root1 in /Users/root/Documents/study/hello-spring)
2023-05-11 03:59:00.331 [main] INFO  h.hellospring.HelloSpringApplication - No active profile set, falling back to 1 default profile: "default"
2023-05-11 03:59:00.705 [main] INFO  o.s.b.w.e.tomcat.TomcatWebServer - Tomcat initialized with port(s): 8080 (http)
2023-05-11 03:59:00.708 [main] INFO  o.a.coyote.http11.Http11NioProtocol - Initializing ProtocolHandler ["http-nio-8080"]
2023-05-11 03:59:00.709 [main] INFO  o.a.catalina.core.StandardService - Starting service [Tomcat]
2023-05-11 03:59:00.709 [main] INFO  o.a.catalina.core.StandardEngine - Starting Servlet engine: [Apache Tomcat/10.1.8]
2023-05-11 03:59:00.742 [main] INFO  o.a.c.c.C.[Tomcat].[localhost].[/] - Initializing Spring embedded WebApplicationContext
2023-05-11 03:59:00.742 [main] INFO  o.s.b.w.s.c.ServletWebServerApplicationContext - Root WebApplicationContext: initialization completed in 394 ms
2023-05-11 03:59:00.854 [main] INFO  o.s.b.a.w.s.WelcomePageHandlerMapping - Adding welcome page: class path resource [static/index.html]
2023-05-11 03:59:00.923 [main] INFO  o.a.coyote.http11.Http11NioProtocol - Starting ProtocolHandler ["http-nio-8080"]
2023-05-11 03:59:00.932 [main] INFO  o.s.b.w.e.tomcat.TomcatWebServer - Tomcat started on port(s): 8080 (http) with context path ''
2023-05-11 03:59:00.936 [main] INFO  h.hellospring.HelloSpringApplication - Started HelloSpringApplication in 0.744 seconds (process running for 1.019)
2023-05-11 03:59:17.022 [http-nio-8080-exec-1] INFO  o.a.c.c.C.[Tomcat].[localhost].[/] - Initializing Spring DispatcherServlet 'dispatcherServlet'
2023-05-11 03:59:17.022 [http-nio-8080-exec-1] INFO  o.s.web.servlet.DispatcherServlet - Initializing Servlet 'dispatcherServlet'
2023-05-11 03:59:17.023 [http-nio-8080-exec-1] INFO  o.s.web.servlet.DispatcherServlet - Completed initialization in 1 ms
2023-05-11 03:59:17.045 [http-nio-8080-exec-1] INFO  com.zaxxer.hikari.HikariDataSource - HikariPool-1 - Starting...
2023-05-11 03:59:17.175 [http-nio-8080-exec-1] INFO  com.zaxxer.hikari.pool.HikariPool - HikariPool-1 - Added connection com.mysql.cj.jdbc.ConnectionImpl@49bc0ae6
2023-05-11 03:59:17.176 [http-nio-8080-exec-1] INFO  com.zaxxer.hikari.HikariDataSource - HikariPool-1 - Start completed.
2023-05-11 03:59:28.891 [http-nio-8080-exec-2] INFO  h.h.controller.HelloController - d5_1 : 고아담 >>> 김상현
2023-05-11 04:00:53.109 [SpringApplicationShutdownHook] INFO  com.zaxxer.hikari.HikariDataSource - HikariPool-1 - Shutdown initiated...
2023-05-11 04:00:53.112 [SpringApplicationShutdownHook] INFO  com.zaxxer.hikari.HikariDataSource - HikariPool-1 - Shutdown completed.
